[ AutoCAD - Wed Jul 06 02:23:45 2022  ]----------------------------------------
No duplicate nodes or insulation nodalization warnings found

Calculating SINDA/FLUINT data
Face Contactor[MAIN][0]::31E
From areas = 360000., To areas = 105200.
This may be indicative of incorrect from-to surfaces
Note that the 'to' area is only single sided in the calculation

ContactorData\Warnings_MAIN_31E.txt contains warnings
Face Contactor[MAIN][0]::31F
From areas = 360000., To areas = 105000.
This may be indicative of incorrect from-to surfaces
Note that the 'to' area is only single sided in the calculation

ContactorData\Warnings_MAIN_31F.txt contains warnings
Calculating Thermal Analyzer Input took 0.60 sec

Outputting SINDA/FLUINT data
Outputting data for submodel GLOBAL...
Outputting data for submodel HEATER1501...
Outputting data for submodel HEATER1509...
Outputting data for submodel HEATLOAD1...
Outputting data for submodel KIKI1...
Outputting data for submodel KIKI2...
Outputting data for submodel KIKI3...
Outputting data for submodel MAIN...
Outputting data for submodel MINUS_X...
Outputting data for submodel MINUS_Y...
Outputting data for submodel MINUS_Z...
Outputting data for submodel PLUS_X...
Outputting data for submodel PLUS_Y...
Outputting data for submodel PLUS_Z...
Outputting data for submodel SPACE...
    Number of nodes:      18
    Number of conductors: 53
    
Total Nodal Mass = 28.698923 kg


*** RADCAD RAYTRACE HEATING RATES RUN START for database External-orbit-RcOptics.rch
Database already exists, checking to see if the model has changed...
Using regular optical properties
Restart was successful. No calculations were performed.


*** RADCAD RAYTRACE RADK RUN START for database External-RcOptics.rck
Database already exists, checking to see if the model has changed...
Using regular optical properties
Restart was successful. No calculations were performed.
    14 calculation nodes
    14 radks were output, 0 radks were filtered out
    0 nodes(0%) have bij sum + bij inactive < .9
    5000 average number of rays per node shot
     
    No overlapping surfaces greater than 10.0% found in External


*** RADCAD RAYTRACE RADK RUN START for database Internal-RcOptics.rck
Database already exists, checking to see if the model has changed...
Using regular optical properties
Restart was successful. No calculations were performed.
    17 calculation nodes
    134 radks were output, 2 radks were filtered out
    0 nodes(0%) have bij sum + bij inactive < .9
    5000 average number of rays per node shot
    2 nodes(11%) have Bij Inactive > .2
        This may be ok, but may be an indication of an incorrect active side
     
    No overlappings surfaces found.

*** Running SINDA model named C:\Users\81903\Documents\Thermal Desktop\op3\MLItest_MSSmodel\Opticalprop\case1.inp
Successful completion of processor
From C:\Users\81903\Documents\Thermal Desktop\op3\MLItest_MSSmodel\Opticalprop\messages_case1.log
     LOOPCT =             102  *** WARNING ***   MORE THAN HALF THE NODES IN SUBMODEL MINUS_X WERE OSCILLATING AS OF LOOPCT =    102
     LOOPCT =             102                    HEAVY DAMPING (ITERXT=0, EXTLIM=0.5) WAS APPLIED.
     LOOPCT =             102                    IF SUCCESSFUL, CONSIDER THESE SETTINGS IN CONTROL DATA.
     LOOPCT =             102                    OTHERWISE, IDENTIFY AND CORRECT THE SOURCE OF OSCILLATIONS.
     LOOPCT =             102  *** WARNING ***   MORE THAN HALF THE NODES IN SUBMODEL MINUS_Z WERE OSCILLATING AS OF LOOPCT =    102
     LOOPCT =             102                    HEAVY DAMPING (ITERXT=0, EXTLIM=0.5) WAS APPLIED.
     LOOPCT =             102                    IF SUCCESSFUL, CONSIDER THESE SETTINGS IN CONTROL DATA.
     LOOPCT =             102                    OTHERWISE, IDENTIFY AND CORRECT THE SOURCE OF OSCILLATIONS.
     LOOPCT =             102  *** WARNING ***   MORE THAN HALF THE NODES IN SUBMODEL PLUS_X WERE OSCILLATING AS OF LOOPCT =    102
     LOOPCT =             102                    HEAVY DAMPING (ITERXT=0, EXTLIM=0.5) WAS APPLIED.
     LOOPCT =             102                    IF SUCCESSFUL, CONSIDER THESE SETTINGS IN CONTROL DATA.
     LOOPCT =             102                    OTHERWISE, IDENTIFY AND CORRECT THE SOURCE OF OSCILLATIONS.
     LOOPCT =             102  *** WARNING ***   MORE THAN HALF THE NODES IN SUBMODEL PLUS_Y WERE OSCILLATING AS OF LOOPCT =    102
     LOOPCT =             102                    HEAVY DAMPING (ITERXT=0, EXTLIM=0.5) WAS APPLIED.
     LOOPCT =             102                    IF SUCCESSFUL, CONSIDER THESE SETTINGS IN CONTROL DATA.
     LOOPCT =             102                    OTHERWISE, IDENTIFY AND CORRECT THE SOURCE OF OSCILLATIONS.
     LOOPCT =             108  *** WARNING ***   MORE THAN HALF THE NODES IN SUBMODEL KIKI1 WERE OSCILLATING AS OF LOOPCT =    108
     LOOPCT =             108                    HEAVY DAMPING (ITERXT=0, EXTLIM=0.5) WAS APPLIED.
     LOOPCT =             108                    IF SUCCESSFUL, CONSIDER THESE SETTINGS IN CONTROL DATA.
     LOOPCT =             108                    OTHERWISE, IDENTIFY AND CORRECT THE SOURCE OF OSCILLATIONS.
     LOOPCT =             108  *** WARNING ***   MORE THAN HALF THE NODES IN SUBMODEL KIKI2 WERE OSCILLATING AS OF LOOPCT =    108
     LOOPCT =             108                    HEAVY DAMPING (ITERXT=0, EXTLIM=0.5) WAS APPLIED.
     LOOPCT =             108                    IF SUCCESSFUL, CONSIDER THESE SETTINGS IN CONTROL DATA.
     LOOPCT =             108                    OTHERWISE, IDENTIFY AND CORRECT THE SOURCE OF OSCILLATIONS.
     LOOPCT =             108  *** WARNING ***   MORE THAN HALF THE NODES IN SUBMODEL KIKI3 WERE OSCILLATING AS OF LOOPCT =    108
     LOOPCT =             108                    HEAVY DAMPING (ITERXT=0, EXTLIM=0.5) WAS APPLIED.
     LOOPCT =             108                    IF SUCCESSFUL, CONSIDER THESE SETTINGS IN CONTROL DATA.
     LOOPCT =             108                    OTHERWISE, IDENTIFY AND CORRECT THE SOURCE OF OSCILLATIONS.
     LOOPCT =             109  *** WARNING ***   MORE THAN HALF THE NODES IN SUBMODEL PLUS_Z WERE OSCILLATING AS OF LOOPCT =    109
     LOOPCT =             109                    HEAVY DAMPING (ITERXT=0, EXTLIM=0.5) WAS APPLIED.
     LOOPCT =             109                    IF SUCCESSFUL, CONSIDER THESE SETTINGS IN CONTROL DATA.
     LOOPCT =             109                    OTHERWISE, IDENTIFY AND CORRECT THE SOURCE OF OSCILLATIONS.
     LOOPCT =             112  *** WARNING ***   MORE THAN HALF THE NODES IN SUBMODEL MINUS_Y WERE OSCILLATING AS OF LOOPCT =    112
     LOOPCT =             112                    HEAVY DAMPING (ITERXT=0, EXTLIM=0.5) WAS APPLIED.
     LOOPCT =             112                    IF SUCCESSFUL, CONSIDER THESE SETTINGS IN CONTROL DATA.
     LOOPCT =             112                    OTHERWISE, IDENTIFY AND CORRECT THE SOURCE OF OSCILLATIONS.
     LOOPCT =             115Heater[HEATER1501]::343:
     LOOPCT =             115    Steady State Proportional Heater Power Required:
     LOOPCT =             115            2.99133811810836      W
     LOOPCT =             115    WARNING::Sense Temp Less Than On Temp
     LOOPCT =             115         Sense=   248.851609376267          On Temp=   273.150000000000
     LOOPCT =             115Heater[HEATER1509]::344:
     LOOPCT =             115    Steady State Proportional Heater Power Required:
     LOOPCT =             115            9.97112706036121      W
     LOOPCT =             115    WARNING::Sense Temp Less Than On Temp
     LOOPCT =             115         Sense=   248.935774998080          On Temp=   273.150000000000
     TIMEN  =    4178.033      +++NOTE+++   AT TIMEO =   4000.00     TIME STEP WAS REDUCED TO   41.3490
     TIMEN  =    4178.033                   BECAUSE DTMPCC(PLUS_X        1101) =   107.640     WAS .GT. DTMPCA =   50.0000
     TIMEN  =    4041.349      +++NOTE+++   AT TIMEO =   4000.00     TIME STEP WAS REDUCED TO   17.7673
     TIMEN  =    4041.349                   BECAUSE DTMPCC(PLUS_X        1101) =   58.1812     WAS .GT. DTMPCA =   50.0000
     TIMEN  =    10160.63      +++NOTE+++   AT TIMEO =   10000.0     TIME STEP WAS REDUCED TO   38.8360
     TIMEN  =    10160.63                   BECAUSE DTMPCC(PLUS_X        1101) =   103.403     WAS .GT. DTMPCA =   50.0000
     TIMEN  =    10087.38      +++NOTE+++   AT TIMEO =   10038.8     TIME STEP WAS REDUCED TO   19.0445
     TIMEN  =    10087.38                   BECAUSE DTMPCC(PLUS_X        1101) =   63.7258     WAS .GT. DTMPCA =   50.0000
     TIMEN  =    16277.64      +++NOTE+++   AT TIMEO =   16123.4     TIME STEP WAS REDUCED TO   37.0079
     TIMEN  =    16277.64                   BECAUSE DTMPCC(PLUS_X        1101) =   104.196     WAS .GT. DTMPCA =   50.0000
     TIMEN  =    16160.40      +++NOTE+++   AT TIMEO =   16123.4     TIME STEP WAS REDUCED TO   16.9391
     TIMEN  =    16160.40                   BECAUSE DTMPCC(PLUS_X        1101) =   54.6189     WAS .GT. DTMPCA =   50.0000
     TIMEN  =    22294.34      +++NOTE+++   AT TIMEO =   22130.8     TIME STEP WAS REDUCED TO   39.0511
     TIMEN  =    22294.34                   BECAUSE DTMPCC(PLUS_X        1101) =   104.686     WAS .GT. DTMPCA =   50.0000
     TIMEN  =    22218.68      +++NOTE+++   AT TIMEO =   22169.9     TIME STEP WAS REDUCED TO   18.8701
     TIMEN  =    22218.68                   BECAUSE DTMPCC(PLUS_X        1101) =   64.6709     WAS .GT. DTMPCA =   50.0000
     TIMEN  =    28334.31      +++NOTE+++   AT TIMEO =   28168.6     TIME STEP WAS REDUCED TO   39.6056
     TIMEN  =    28334.31                   BECAUSE DTMPCC(PLUS_X        1101) =   104.587     WAS .GT. DTMPCA =   50.0000
     TIMEN  =    28257.73      +++NOTE+++   AT TIMEO =   28208.2     TIME STEP WAS REDUCED TO   19.1012
     TIMEN  =    28257.73                   BECAUSE DTMPCC(PLUS_X        1101) =   64.7956     WAS .GT. DTMPCA =   50.0000
     TIMEN  =    34500.00      +++NOTE+++   AT TIMEO =   34337.4     TIME STEP WAS REDUCED TO   38.0565
     TIMEN  =    34500.00                   BECAUSE DTMPCC(PLUS_X        1101) =   106.844     WAS .GT. DTMPCA =   50.0000
     TIMEN  =    34375.41      +++NOTE+++   AT TIMEO =   34337.4     TIME STEP WAS REDUCED TO   16.7067
     TIMEN  =    34375.41                   BECAUSE DTMPCC(PLUS_X        1101) =   56.9481     WAS .GT. DTMPCA =   50.0000
     TIMEN  =    40415.86      +++NOTE+++   AT TIMEO =   40331.7     TIME STEP WAS REDUCED TO   24.7546
     TIMEN  =    40415.86                   BECAUSE DTMPCC(PLUS_X        1101) =   84.9720     WAS .GT. DTMPCA =   50.0000
     TIMEN  =    46500.00      +++NOTE+++   AT TIMEO =   46338.4     TIME STEP WAS REDUCED TO   38.7315
     TIMEN  =    46500.00                   BECAUSE DTMPCC(PLUS_X        1101) =   104.288     WAS .GT. DTMPCA =   50.0000
     TIMEN  =    46425.58      +++NOTE+++   AT TIMEO =   46377.2     TIME STEP WAS REDUCED TO   18.8253
     TIMEN  =    46425.58                   BECAUSE DTMPCC(PLUS_X        1101) =   64.2942     WAS .GT. DTMPCA =   50.0000
     TIMEN  =    50000.00      The ASTAP execution time is:    2.91333879996091       seconds
Time to run SINDA = 18.58 sec

Case Set Solved::Elapsed time = 20.64 sec
