[ AutoCAD - Wed Jul 06 02:02:15 2022  ]----------------------------------------
Duplicate nodes or insulation nodalization warnings can be found in DuplicateNodes.txt

Calculating SINDA/FLUINT data
Face Contactor[MAIN][0]::31E
From areas = 360000., To areas = 105200.
This may be indicative of incorrect from-to surfaces
Note that the 'to' area is only single sided in the calculation

ContactorData\Warnings_MAIN_31E.txt contains warnings
Face Contactor[MAIN][0]::31F
From areas = 360000., To areas = 105000.
This may be indicative of incorrect from-to surfaces
Note that the 'to' area is only single sided in the calculation

ContactorData\Warnings_MAIN_31F.txt contains warnings
Calculating Thermal Analyzer Input took 0.58 sec

Outputting SINDA/FLUINT data
Outputting data for submodel GLOBAL...
Outputting data for submodel HEATER1501...
Outputting data for submodel HEATER1509...
Outputting data for submodel HEATLOAD1...
Outputting data for submodel KIKI1...
Outputting data for submodel KIKI2...
Outputting data for submodel KIKI3...
Outputting data for submodel MAIN...
Outputting data for submodel MINUS_X...
Outputting data for submodel MINUS_Y...
Outputting data for submodel MINUS_Z...
Outputting data for submodel MLI...
Outputting data for submodel MLI_Y...
Outputting data for submodel PLUS_X...
Outputting data for submodel PLUS_Y...
Outputting data for submodel PLUS_Z...
Outputting data for submodel SPACE...
    Number of nodes:      19
    Number of conductors: 62
    
Total Nodal Mass = 29.047763 kg


*** RADCAD RAYTRACE HEATING RATES RUN START for database External-orbit-RcOptics.rch
Creating new database named External-orbit-RcOptics.rch
Using regular optical properties
Fixed RadCAD
Fixed license found.
Start and End position calc already done
Total Elapsed time for heating rate calculations = 5.20 sec
Outputting SINDA/FLUINT heating rate data to files:
    C1A0.hra for arrays and C1A0.hrl for logic...
Total Elapsed time for heating rate calculations and output = 6.49 sec


*** RADCAD RAYTRACE RADK RUN START for database External-RcOptics.rck
Creating new database named External-RcOptics.rck
Using regular optical properties
Fixed RadCAD
Fixed license found.
Time to calculate radk = 0.50 sec
Outputting SINDA/FLUINT radks to file C1A1.k...
Total elapsed time for calculations and output = 0.76 sec
    6 calculation nodes
    6 radks were output, 0 radks were filtered out
    0 nodes(0%) have bij sum + bij inactive < .9
    5000 average number of rays per node shot
     
    No overlapping surfaces greater than 10.0% found in External


*** RADCAD RAYTRACE RADK RUN START for database Internal-RcOptics.rck
Creating new database named Internal-RcOptics.rck
Using regular optical properties
Fixed RadCAD
Fixed license found.
Time to calculate radk = 0.46 sec
Outputting SINDA/FLUINT radks to file C1A2.k...
Total elapsed time for calculations and output = 0.72 sec
Group OVERLAP_Internal created.
    17 calculation nodes
    135 radks were output, 1 radks were filtered out
    0 nodes(0%) have bij sum + bij inactive < .9
    7 nodes(41%) have bij sum + bij_inact > 1.1
        Caused by not enough rays or from overlapping surfaces, Max Value= 1.214456 for PLUS_Y.1201
    5000 average number of rays per node shot
    2 nodes(11%) have Bij Inactive > .2
        This may be ok, but may be an indication of an incorrect active side
     
    Note that overlapping surfaces cause INCORRECT and INCONSISTENT results.
    Node MINUS_Y.1501::2CA is overlapped by MINUS_Y.1501 covering  100%
    Node MINUS_Y.1501::380 is overlapped by MINUS_Y.1501 covering  100%
    Node MINUS_Y.1502::2CB is overlapped by MINUS_Y.1502 covering  100%
    Node MINUS_Y.1502::381 is overlapped by MINUS_Y.1502 covering  100%
    Node MINUS_Y.1503::2CC is overlapped by MINUS_Y.1503 covering  100%
    Node MINUS_Y.1503::382 is overlapped by MINUS_Y.1503 covering  100%
    Node MINUS_Y.1504::2C7 is overlapped by MINUS_Y.1504 covering  100%
    Node MINUS_Y.1504::37D is overlapped by MINUS_Y.1504 covering  100%
    Node MINUS_Y.1505::2C8 is overlapped by MINUS_Y.1505 covering  100%
    Node MINUS_Y.1505::37E is overlapped by MINUS_Y.1505 covering  100%
    Node MINUS_Y.1506::2C9 is overlapped by MINUS_Y.1506 covering  100%
    Node MINUS_Y.1506::37F is overlapped by MINUS_Y.1506 covering  100%
    Node MINUS_Y.1507::2C4 is overlapped by MINUS_Y.1507 covering  100%
    Node MINUS_Y.1507::37A is overlapped by MINUS_Y.1507 covering  100%
    Node MINUS_Y.1508::2C5 is overlapped by MINUS_Y.1508 covering  100%
    Node MINUS_Y.1508::37B is overlapped by MINUS_Y.1508 covering  100%
    Node MINUS_Y.1509::37C is overlapped by MINUS_Y.1509 covering  100%
    Node MINUS_Y.1509::2C6 is overlapped by MINUS_Y.1509 covering   68%
    Node MINUS_Y.1509::2C6 is overlapped by KIKI1.101 covering   16%
    Node MINUS_Y.1509::2C6 is overlapped by KIKI2.102 covering   16%
    Note that overlapping surfaces cause INCORRECT and INCONSISTENT results.

*** Running SINDA model named C:\Users\81903\Documents\Thermal Desktop\op3\MLItest_MSSmodel\Panel\case1.inp
Successful completion of processor
From C:\Users\81903\Documents\Thermal Desktop\op3\MLItest_MSSmodel\Panel\messages_case1.log
     LOOPCT =             102  *** WARNING ***   MORE THAN HALF THE NODES IN SUBMODEL MINUS_X WERE OSCILLATING AS OF LOOPCT =    102
     LOOPCT =             102                    HEAVY DAMPING (ITERXT=0, EXTLIM=0.5) WAS APPLIED.
     LOOPCT =             102                    IF SUCCESSFUL, CONSIDER THESE SETTINGS IN CONTROL DATA.
     LOOPCT =             102                    OTHERWISE, IDENTIFY AND CORRECT THE SOURCE OF OSCILLATIONS.
     LOOPCT =             102  *** WARNING ***   MORE THAN HALF THE NODES IN SUBMODEL MINUS_Z WERE OSCILLATING AS OF LOOPCT =    102
     LOOPCT =             102                    HEAVY DAMPING (ITERXT=0, EXTLIM=0.5) WAS APPLIED.
     LOOPCT =             102                    IF SUCCESSFUL, CONSIDER THESE SETTINGS IN CONTROL DATA.
     LOOPCT =             102                    OTHERWISE, IDENTIFY AND CORRECT THE SOURCE OF OSCILLATIONS.
     LOOPCT =             102  *** WARNING ***   MORE THAN HALF THE NODES IN SUBMODEL PLUS_X WERE OSCILLATING AS OF LOOPCT =    102
     LOOPCT =             102                    HEAVY DAMPING (ITERXT=0, EXTLIM=0.5) WAS APPLIED.
     LOOPCT =             102                    IF SUCCESSFUL, CONSIDER THESE SETTINGS IN CONTROL DATA.
     LOOPCT =             102                    OTHERWISE, IDENTIFY AND CORRECT THE SOURCE OF OSCILLATIONS.
     LOOPCT =             102  *** WARNING ***   MORE THAN HALF THE NODES IN SUBMODEL PLUS_Y WERE OSCILLATING AS OF LOOPCT =    102
     LOOPCT =             102                    HEAVY DAMPING (ITERXT=0, EXTLIM=0.5) WAS APPLIED.
     LOOPCT =             102                    IF SUCCESSFUL, CONSIDER THESE SETTINGS IN CONTROL DATA.
     LOOPCT =             102                    OTHERWISE, IDENTIFY AND CORRECT THE SOURCE OF OSCILLATIONS.
     LOOPCT =             108  *** WARNING ***   MORE THAN HALF THE NODES IN SUBMODEL KIKI1 WERE OSCILLATING AS OF LOOPCT =    108
     LOOPCT =             108                    HEAVY DAMPING (ITERXT=0, EXTLIM=0.5) WAS APPLIED.
     LOOPCT =             108                    IF SUCCESSFUL, CONSIDER THESE SETTINGS IN CONTROL DATA.
     LOOPCT =             108                    OTHERWISE, IDENTIFY AND CORRECT THE SOURCE OF OSCILLATIONS.
     LOOPCT =             108  *** WARNING ***   MORE THAN HALF THE NODES IN SUBMODEL KIKI2 WERE OSCILLATING AS OF LOOPCT =    108
     LOOPCT =             108                    HEAVY DAMPING (ITERXT=0, EXTLIM=0.5) WAS APPLIED.
     LOOPCT =             108                    IF SUCCESSFUL, CONSIDER THESE SETTINGS IN CONTROL DATA.
     LOOPCT =             108                    OTHERWISE, IDENTIFY AND CORRECT THE SOURCE OF OSCILLATIONS.
     LOOPCT =             108  *** WARNING ***   MORE THAN HALF THE NODES IN SUBMODEL KIKI3 WERE OSCILLATING AS OF LOOPCT =    108
     LOOPCT =             108                    HEAVY DAMPING (ITERXT=0, EXTLIM=0.5) WAS APPLIED.
     LOOPCT =             108                    IF SUCCESSFUL, CONSIDER THESE SETTINGS IN CONTROL DATA.
     LOOPCT =             108                    OTHERWISE, IDENTIFY AND CORRECT THE SOURCE OF OSCILLATIONS.
     LOOPCT =             108  *** WARNING ***   MORE THAN HALF THE NODES IN SUBMODEL MLI WERE OSCILLATING AS OF LOOPCT =    108
     LOOPCT =             108                    HEAVY DAMPING (ITERXT=0, EXTLIM=0.5) WAS APPLIED.
     LOOPCT =             108                    IF SUCCESSFUL, CONSIDER THESE SETTINGS IN CONTROL DATA.
     LOOPCT =             108                    OTHERWISE, IDENTIFY AND CORRECT THE SOURCE OF OSCILLATIONS.
     LOOPCT =             109  *** WARNING ***   MORE THAN HALF THE NODES IN SUBMODEL PLUS_Z WERE OSCILLATING AS OF LOOPCT =    109
     LOOPCT =             109                    HEAVY DAMPING (ITERXT=0, EXTLIM=0.5) WAS APPLIED.
     LOOPCT =             109                    IF SUCCESSFUL, CONSIDER THESE SETTINGS IN CONTROL DATA.
     LOOPCT =             109                    OTHERWISE, IDENTIFY AND CORRECT THE SOURCE OF OSCILLATIONS.
     LOOPCT =             111  *** WARNING ***   MORE THAN HALF THE NODES IN SUBMODEL MINUS_Y WERE OSCILLATING AS OF LOOPCT =    111
     LOOPCT =             111                    HEAVY DAMPING (ITERXT=0, EXTLIM=0.5) WAS APPLIED.
     LOOPCT =             111                    IF SUCCESSFUL, CONSIDER THESE SETTINGS IN CONTROL DATA.
     LOOPCT =             111                    OTHERWISE, IDENTIFY AND CORRECT THE SOURCE OF OSCILLATIONS.
     LOOPCT =             115Heater[HEATER1501]::343:
     LOOPCT =             115    Steady State Proportional Heater Power Required:
     LOOPCT =             115            2.99133811810836      W
     LOOPCT =             115    WARNING::Sense Temp Less Than On Temp
     LOOPCT =             115         Sense=   250.490768259887          On Temp=   273.150000000000
     LOOPCT =             115Heater[HEATER1509]::344:
     LOOPCT =             115    Steady State Proportional Heater Power Required:
     LOOPCT =             115            9.97112706036121      W
     LOOPCT =             115    WARNING::Sense Temp Less Than On Temp
     LOOPCT =             115         Sense=   250.556267864535          On Temp=   273.150000000000
     TIMEN  =    4119.043      +++NOTE+++   AT TIMEO =   4000.00     TIME STEP WAS REDUCED TO   32.4048
     TIMEN  =    4119.043                   BECAUSE DTMPCC(PLUS_X        1101) =   91.8404     WAS .GT. DTMPCA =   50.0000
     TIMEN  =    10143.36      +++NOTE+++   AT TIMEO =   10000.0     TIME STEP WAS REDUCED TO   37.5981
     TIMEN  =    10143.36                   BECAUSE DTMPCC(PLUS_X        1101) =   95.3259     WAS .GT. DTMPCA =   50.0000
     TIMEN  =    10084.60      +++NOTE+++   AT TIMEO =   10037.6     TIME STEP WAS REDUCED TO   19.3677
     TIMEN  =    10084.60                   BECAUSE DTMPCC(PLUS_X        1101) =   60.6649     WAS .GT. DTMPCA =   50.0000
     TIMEN  =    16295.04      +++NOTE+++   AT TIMEO =   16131.1     TIME STEP WAS REDUCED TO   40.6167
     TIMEN  =    16295.04                   BECAUSE DTMPCC(PLUS_X        1101) =   100.890     WAS .GT. DTMPCA =   50.0000
     TIMEN  =    16171.75      +++NOTE+++   AT TIMEO =   16131.1     TIME STEP WAS REDUCED TO   17.9141
     TIMEN  =    16171.75                   BECAUSE DTMPCC(PLUS_X        1101) =   56.6826     WAS .GT. DTMPCA =   50.0000
     TIMEN  =    22307.16      +++NOTE+++   AT TIMEO =   22136.5     TIME STEP WAS REDUCED TO   42.3657
     TIMEN  =    22307.16                   BECAUSE DTMPCC(PLUS_X        1101) =   100.699     WAS .GT. DTMPCA =   50.0000
     TIMEN  =    28293.57      +++NOTE+++   AT TIMEO =   28146.8     TIME STEP WAS REDUCED TO   38.3776
     TIMEN  =    28293.57                   BECAUSE DTMPCC(PLUS_X        1101) =   95.6180     WAS .GT. DTMPCA =   50.0000
     TIMEN  =    28293.10      +++NOTE+++   AT TIMEO =   28233.1     TIME STEP WAS REDUCED TO   21.3301
     TIMEN  =    28293.10                   BECAUSE DTMPCC(PLUS_X        1101) =   70.2821     WAS .GT. DTMPCA =   50.0000
     TIMEN  =    34389.46      +++NOTE+++   AT TIMEO =   34278.9     TIME STEP WAS REDUCED TO   30.6934
     TIMEN  =    34389.46                   BECAUSE DTMPCC(PLUS_X        1101) =   90.0374     WAS .GT. DTMPCA =   50.0000
     TIMEN  =    40408.35      +++NOTE+++   AT TIMEO =   40316.7     TIME STEP WAS REDUCED TO   27.3090
     TIMEN  =    40408.35                   BECAUSE DTMPCC(PLUS_X        1101) =   83.9048     WAS .GT. DTMPCA =   50.0000
     TIMEN  =    46500.00      +++NOTE+++   AT TIMEO =   46394.3     TIME STEP WAS REDUCED TO   29.6966
     TIMEN  =    46500.00                   BECAUSE DTMPCC(PLUS_X        1101) =   88.9627     WAS .GT. DTMPCA =   50.0000
     TIMEN  =    50000.00      The ASTAP execution time is:    2.71031220001169       seconds
Time to run SINDA = 24.09 sec

Case Set Solved::Elapsed time = 33.71 sec
