 LOOPCT =             102  *** WARNING ***   MORE THAN HALF THE NODES IN SUBMODEL MINUS_X WERE OSCILLATING AS OF LOOPCT =    102
 LOOPCT =             102                    HEAVY DAMPING (ITERXT=0, EXTLIM=0.5) WAS APPLIED.
 LOOPCT =             102                    IF SUCCESSFUL, CONSIDER THESE SETTINGS IN CONTROL DATA.
 LOOPCT =             102                    OTHERWISE, IDENTIFY AND CORRECT THE SOURCE OF OSCILLATIONS.
 LOOPCT =             102  *** WARNING ***   MORE THAN HALF THE NODES IN SUBMODEL MINUS_Z WERE OSCILLATING AS OF LOOPCT =    102
 LOOPCT =             102                    HEAVY DAMPING (ITERXT=0, EXTLIM=0.5) WAS APPLIED.
 LOOPCT =             102                    IF SUCCESSFUL, CONSIDER THESE SETTINGS IN CONTROL DATA.
 LOOPCT =             102                    OTHERWISE, IDENTIFY AND CORRECT THE SOURCE OF OSCILLATIONS.
 LOOPCT =             102  *** WARNING ***   MORE THAN HALF THE NODES IN SUBMODEL PLUS_X WERE OSCILLATING AS OF LOOPCT =    102
 LOOPCT =             102                    HEAVY DAMPING (ITERXT=0, EXTLIM=0.5) WAS APPLIED.
 LOOPCT =             102                    IF SUCCESSFUL, CONSIDER THESE SETTINGS IN CONTROL DATA.
 LOOPCT =             102                    OTHERWISE, IDENTIFY AND CORRECT THE SOURCE OF OSCILLATIONS.
 LOOPCT =             102  *** WARNING ***   MORE THAN HALF THE NODES IN SUBMODEL PLUS_Y WERE OSCILLATING AS OF LOOPCT =    102
 LOOPCT =             102                    HEAVY DAMPING (ITERXT=0, EXTLIM=0.5) WAS APPLIED.
 LOOPCT =             102                    IF SUCCESSFUL, CONSIDER THESE SETTINGS IN CONTROL DATA.
 LOOPCT =             102                    OTHERWISE, IDENTIFY AND CORRECT THE SOURCE OF OSCILLATIONS.
 LOOPCT =             108  *** WARNING ***   MORE THAN HALF THE NODES IN SUBMODEL KIKI1 WERE OSCILLATING AS OF LOOPCT =    108
 LOOPCT =             108                    HEAVY DAMPING (ITERXT=0, EXTLIM=0.5) WAS APPLIED.
 LOOPCT =             108                    IF SUCCESSFUL, CONSIDER THESE SETTINGS IN CONTROL DATA.
 LOOPCT =             108                    OTHERWISE, IDENTIFY AND CORRECT THE SOURCE OF OSCILLATIONS.
 LOOPCT =             108  *** WARNING ***   MORE THAN HALF THE NODES IN SUBMODEL KIKI2 WERE OSCILLATING AS OF LOOPCT =    108
 LOOPCT =             108                    HEAVY DAMPING (ITERXT=0, EXTLIM=0.5) WAS APPLIED.
 LOOPCT =             108                    IF SUCCESSFUL, CONSIDER THESE SETTINGS IN CONTROL DATA.
 LOOPCT =             108                    OTHERWISE, IDENTIFY AND CORRECT THE SOURCE OF OSCILLATIONS.
 LOOPCT =             108  *** WARNING ***   MORE THAN HALF THE NODES IN SUBMODEL KIKI3 WERE OSCILLATING AS OF LOOPCT =    108
 LOOPCT =             108                    HEAVY DAMPING (ITERXT=0, EXTLIM=0.5) WAS APPLIED.
 LOOPCT =             108                    IF SUCCESSFUL, CONSIDER THESE SETTINGS IN CONTROL DATA.
 LOOPCT =             108                    OTHERWISE, IDENTIFY AND CORRECT THE SOURCE OF OSCILLATIONS.
 LOOPCT =             108  *** WARNING ***   MORE THAN HALF THE NODES IN SUBMODEL MLI WERE OSCILLATING AS OF LOOPCT =    108
 LOOPCT =             108                    HEAVY DAMPING (ITERXT=0, EXTLIM=0.5) WAS APPLIED.
 LOOPCT =             108                    IF SUCCESSFUL, CONSIDER THESE SETTINGS IN CONTROL DATA.
 LOOPCT =             108                    OTHERWISE, IDENTIFY AND CORRECT THE SOURCE OF OSCILLATIONS.
 LOOPCT =             109  *** WARNING ***   MORE THAN HALF THE NODES IN SUBMODEL PLUS_Z WERE OSCILLATING AS OF LOOPCT =    109
 LOOPCT =             109                    HEAVY DAMPING (ITERXT=0, EXTLIM=0.5) WAS APPLIED.
 LOOPCT =             109                    IF SUCCESSFUL, CONSIDER THESE SETTINGS IN CONTROL DATA.
 LOOPCT =             109                    OTHERWISE, IDENTIFY AND CORRECT THE SOURCE OF OSCILLATIONS.
 LOOPCT =             111  *** WARNING ***   MORE THAN HALF THE NODES IN SUBMODEL MINUS_Y WERE OSCILLATING AS OF LOOPCT =    111
 LOOPCT =             111                    HEAVY DAMPING (ITERXT=0, EXTLIM=0.5) WAS APPLIED.
 LOOPCT =             111                    IF SUCCESSFUL, CONSIDER THESE SETTINGS IN CONTROL DATA.
 LOOPCT =             111                    OTHERWISE, IDENTIFY AND CORRECT THE SOURCE OF OSCILLATIONS.
 LOOPCT =             115Heater[HEATER1501]::343:
 LOOPCT =             115    Steady State Proportional Heater Power Required:
 LOOPCT =             115            2.99133811810836      W
 LOOPCT =             115    WARNING::Sense Temp Less Than On Temp
 LOOPCT =             115         Sense=   250.490768259887          On Temp=   273.150000000000
 LOOPCT =             115Heater[HEATER1509]::344:
 LOOPCT =             115    Steady State Proportional Heater Power Required:
 LOOPCT =             115            9.97112706036121      W
 LOOPCT =             115    WARNING::Sense Temp Less Than On Temp
 LOOPCT =             115         Sense=   250.556267864535          On Temp=   273.150000000000
 TIMEN  =    4119.043      +++NOTE+++   AT TIMEO =   4000.00     TIME STEP WAS REDUCED TO   32.4048
 TIMEN  =    4119.043                   BECAUSE DTMPCC(PLUS_X        1101) =   91.8404     WAS .GT. DTMPCA =   50.0000
 TIMEN  =    10143.36      +++NOTE+++   AT TIMEO =   10000.0     TIME STEP WAS REDUCED TO   37.5981
 TIMEN  =    10143.36                   BECAUSE DTMPCC(PLUS_X        1101) =   95.3259     WAS .GT. DTMPCA =   50.0000
 TIMEN  =    10084.60      +++NOTE+++   AT TIMEO =   10037.6     TIME STEP WAS REDUCED TO   19.3677
 TIMEN  =    10084.60                   BECAUSE DTMPCC(PLUS_X        1101) =   60.6649     WAS .GT. DTMPCA =   50.0000
 TIMEN  =    16295.04      +++NOTE+++   AT TIMEO =   16131.1     TIME STEP WAS REDUCED TO   40.6167
 TIMEN  =    16295.04                   BECAUSE DTMPCC(PLUS_X        1101) =   100.890     WAS .GT. DTMPCA =   50.0000
 TIMEN  =    16171.75      +++NOTE+++   AT TIMEO =   16131.1     TIME STEP WAS REDUCED TO   17.9141
 TIMEN  =    16171.75                   BECAUSE DTMPCC(PLUS_X        1101) =   56.6826     WAS .GT. DTMPCA =   50.0000
 TIMEN  =    22307.16      +++NOTE+++   AT TIMEO =   22136.5     TIME STEP WAS REDUCED TO   42.3657
 TIMEN  =    22307.16                   BECAUSE DTMPCC(PLUS_X        1101) =   100.699     WAS .GT. DTMPCA =   50.0000
 TIMEN  =    28293.57      +++NOTE+++   AT TIMEO =   28146.8     TIME STEP WAS REDUCED TO   38.3776
 TIMEN  =    28293.57                   BECAUSE DTMPCC(PLUS_X        1101) =   95.6180     WAS .GT. DTMPCA =   50.0000
 TIMEN  =    28293.10      +++NOTE+++   AT TIMEO =   28233.1     TIME STEP WAS REDUCED TO   21.3301
 TIMEN  =    28293.10                   BECAUSE DTMPCC(PLUS_X        1101) =   70.2821     WAS .GT. DTMPCA =   50.0000
 TIMEN  =    34389.46      +++NOTE+++   AT TIMEO =   34278.9     TIME STEP WAS REDUCED TO   30.6934
 TIMEN  =    34389.46                   BECAUSE DTMPCC(PLUS_X        1101) =   90.0374     WAS .GT. DTMPCA =   50.0000
 TIMEN  =    40408.35      +++NOTE+++   AT TIMEO =   40316.7     TIME STEP WAS REDUCED TO   27.3090
 TIMEN  =    40408.35                   BECAUSE DTMPCC(PLUS_X        1101) =   83.9048     WAS .GT. DTMPCA =   50.0000
 TIMEN  =    46500.00      +++NOTE+++   AT TIMEO =   46394.3     TIME STEP WAS REDUCED TO   29.6966
 TIMEN  =    46500.00                   BECAUSE DTMPCC(PLUS_X        1101) =   88.9627     WAS .GT. DTMPCA =   50.0000
 TIMEN  =    50000.00      The ASTAP execution time is:    2.71031220001169       seconds
